2018/10/04 14:41:55 [error] [exception.CException] CException: CAssetManager.basePath "/var/www/html/indikatormutursst/assets" is invalid. Please make sure the directory exists and is writable by the Web server process. in /var/www/html/yii-1.1.16/framework/web/CAssetManager.php:138
Stack trace:
#0 /var/www/html/yii-1.1.16/framework/web/CAssetManager.php(123): CAssetManager->setBasePath('/var/www/html/i...')
#1 /var/www/html/yii-1.1.16/framework/web/CAssetManager.php(217): CAssetManager->getBasePath()
#2 /var/www/html/yii-1.1.16/framework/web/CClientScript.php(511): CAssetManager->publish('/var/www/html/y...')
#3 /var/www/html/yii-1.1.16/framework/web/CClientScript.php(548): CClientScript->getCoreScriptUrl()
#4 /var/www/html/yii-1.1.16/framework/web/CClientScript.php(349): CClientScript->getPackageBaseUrl('jquery')
#5 /var/www/html/yii-1.1.16/framework/web/CClientScript.php(208): CClientScript->renderCoreScripts()
#6 /var/www/html/yii-1.1.16/framework/web/CController.php(351): CClientScript->render('\n<!DOCTYPE html...')
#7 /var/www/html/yii-1.1.16/framework/web/CController.php(788): CController->processOutput('\n<!DOCTYPE html...')
#8 /var/www/html/indikatormutursst/protected/controllers/SiteController.php(32): CController->render('index')
#9 /var/www/html/yii-1.1.16/framework/web/actions/CInlineAction.php(49): SiteController->actionIndex()
#10 /var/www/html/yii-1.1.16/framework/web/CController.php(308): CInlineAction->runWithParams(Array)
#11 /var/www/html/yii-1.1.16/framework/web/CController.php(286): CController->runAction(Object(CInlineAction))
#12 /var/www/html/yii-1.1.16/framework/web/CController.php(265): CController->runActionWithFilters(Object(CInlineAction), Array)
#13 /var/www/html/yii-1.1.16/framework/web/CWebApplication.php(282): CController->run('')
#14 /var/www/html/yii-1.1.16/framework/web/CWebApplication.php(141): CWebApplication->runController('')
#15 /var/www/html/yii-1.1.16/framework/base/CApplication.php(184): CWebApplication->processRequest()
#16 /var/www/html/indikatormutursst/index.php(13): CApplication->run()
#17 {main}
REQUEST_URI=/indikatormutursst/
---
2018/10/04 14:42:18 [error] [exception.CException] CException: CAssetManager.basePath "/var/www/html/indikatormutursst/assets" is invalid. Please make sure the directory exists and is writable by the Web server process. in /var/www/html/yii-1.1.16/framework/web/CAssetManager.php:138
Stack trace:
#0 /var/www/html/yii-1.1.16/framework/web/CAssetManager.php(123): CAssetManager->setBasePath('/var/www/html/i...')
#1 /var/www/html/yii-1.1.16/framework/web/CAssetManager.php(217): CAssetManager->getBasePath()
#2 /var/www/html/yii-1.1.16/framework/web/CClientScript.php(511): CAssetManager->publish('/var/www/html/y...')
#3 /var/www/html/yii-1.1.16/framework/web/CClientScript.php(548): CClientScript->getCoreScriptUrl()
#4 /var/www/html/yii-1.1.16/framework/web/CClientScript.php(349): CClientScript->getPackageBaseUrl('jquery')
#5 /var/www/html/yii-1.1.16/framework/web/CClientScript.php(208): CClientScript->renderCoreScripts()
#6 /var/www/html/yii-1.1.16/framework/web/CController.php(351): CClientScript->render('\n<!DOCTYPE html...')
#7 /var/www/html/yii-1.1.16/framework/web/CController.php(788): CController->processOutput('\n<!DOCTYPE html...')
#8 /var/www/html/indikatormutursst/protected/controllers/SiteController.php(32): CController->render('index')
#9 /var/www/html/yii-1.1.16/framework/web/actions/CInlineAction.php(49): SiteController->actionIndex()
#10 /var/www/html/yii-1.1.16/framework/web/CController.php(308): CInlineAction->runWithParams(Array)
#11 /var/www/html/yii-1.1.16/framework/web/CController.php(286): CController->runAction(Object(CInlineAction))
#12 /var/www/html/yii-1.1.16/framework/web/CController.php(265): CController->runActionWithFilters(Object(CInlineAction), Array)
#13 /var/www/html/yii-1.1.16/framework/web/CWebApplication.php(282): CController->run('')
#14 /var/www/html/yii-1.1.16/framework/web/CWebApplication.php(141): CWebApplication->runController('')
#15 /var/www/html/yii-1.1.16/framework/base/CApplication.php(184): CWebApplication->processRequest()
#16 /var/www/html/indikatormutursst/index.php(13): CApplication->run()
#17 {main}
REQUEST_URI=/indikatormutursst/
---
2018/10/04 14:42:22 [error] [exception.CException] CException: CAssetManager.basePath "/var/www/html/indikatormutursst/assets" is invalid. Please make sure the directory exists and is writable by the Web server process. in /var/www/html/yii-1.1.16/framework/web/CAssetManager.php:138
Stack trace:
#0 /var/www/html/yii-1.1.16/framework/web/CAssetManager.php(123): CAssetManager->setBasePath('/var/www/html/i...')
#1 /var/www/html/yii-1.1.16/framework/web/CAssetManager.php(217): CAssetManager->getBasePath()
#2 /var/www/html/yii-1.1.16/framework/web/CClientScript.php(511): CAssetManager->publish('/var/www/html/y...')
#3 /var/www/html/yii-1.1.16/framework/web/CClientScript.php(548): CClientScript->getCoreScriptUrl()
#4 /var/www/html/yii-1.1.16/framework/web/CClientScript.php(349): CClientScript->getPackageBaseUrl('jquery')
#5 /var/www/html/yii-1.1.16/framework/web/CClientScript.php(208): CClientScript->renderCoreScripts()
#6 /var/www/html/yii-1.1.16/framework/web/CController.php(351): CClientScript->render('\n<!DOCTYPE html...')
#7 /var/www/html/yii-1.1.16/framework/web/CController.php(788): CController->processOutput('\n<!DOCTYPE html...')
#8 /var/www/html/indikatormutursst/protected/controllers/SiteController.php(32): CController->render('index')
#9 /var/www/html/yii-1.1.16/framework/web/actions/CInlineAction.php(49): SiteController->actionIndex()
#10 /var/www/html/yii-1.1.16/framework/web/CController.php(308): CInlineAction->runWithParams(Array)
#11 /var/www/html/yii-1.1.16/framework/web/CController.php(286): CController->runAction(Object(CInlineAction))
#12 /var/www/html/yii-1.1.16/framework/web/CController.php(265): CController->runActionWithFilters(Object(CInlineAction), Array)
#13 /var/www/html/yii-1.1.16/framework/web/CWebApplication.php(282): CController->run('')
#14 /var/www/html/yii-1.1.16/framework/web/CWebApplication.php(141): CWebApplication->runController('')
#15 /var/www/html/yii-1.1.16/framework/base/CApplication.php(184): CWebApplication->processRequest()
#16 /var/www/html/indikatormutursst/index.php(13): CApplication->run()
#17 {main}
REQUEST_URI=/indikatormutursst/
---
2018/10/04 14:43:09 [error] [exception.CHttpException.404] CHttpException: Unable to resolve the request "rekapindikator/admin". in /var/www/html/yii-1.1.16/framework/web/CWebApplication.php:286
Stack trace:
#0 /var/www/html/yii-1.1.16/framework/web/CWebApplication.php(141): CWebApplication->runController('rekapindikator/...')
#1 /var/www/html/yii-1.1.16/framework/base/CApplication.php(184): CWebApplication->processRequest()
#2 /var/www/html/indikatormutursst/index.php(13): CApplication->run()
#3 {main}
REQUEST_URI=/indikatormutursst/index.php?r=rekapindikator/admin
HTTP_REFERER=http://localhost/indikatormutursst/index.php
---
2018/10/04 14:43:14 [error] [exception.CHttpException.404] CHttpException: Unable to resolve the request "rekapindikator/admin". in /var/www/html/yii-1.1.16/framework/web/CWebApplication.php:286
Stack trace:
#0 /var/www/html/yii-1.1.16/framework/web/CWebApplication.php(141): CWebApplication->runController('rekapindikator/...')
#1 /var/www/html/yii-1.1.16/framework/base/CApplication.php(184): CWebApplication->processRequest()
#2 /var/www/html/indikatormutursst/index.php(13): CApplication->run()
#3 {main}
REQUEST_URI=/indikatormutursst/index.php?r=rekapindikator/admin
HTTP_REFERER=http://localhost/indikatormutursst/index.php?r=grafik/indikator
---
2018/10/05 08:28:30 [error] [exception.CHttpException.404] CHttpException: Unable to resolve the request "rekapindikator/admin". in /var/www/html/yii-1.1.16/framework/web/CWebApplication.php:286
Stack trace:
#0 /var/www/html/yii-1.1.16/framework/web/CWebApplication.php(141): CWebApplication->runController('rekapindikator/...')
#1 /var/www/html/yii-1.1.16/framework/base/CApplication.php(184): CWebApplication->processRequest()
#2 /var/www/html/indikatormutursst/index.php(13): CApplication->run()
#3 {main}
REQUEST_URI=/indikatormutursst/index.php?r=rekapindikator/admin
HTTP_REFERER=http://localhost/indikatormutursst/index.php
---
2018/10/05 08:31:02 [error] [exception.CHttpException.404] CHttpException: Unable to resolve the request "rekapindikator/admin". in /var/www/html/yii-1.1.16/framework/web/CWebApplication.php:286
Stack trace:
#0 /var/www/html/yii-1.1.16/framework/web/CWebApplication.php(141): CWebApplication->runController('rekapindikator/...')
#1 /var/www/html/yii-1.1.16/framework/base/CApplication.php(184): CWebApplication->processRequest()
#2 /var/www/html/indikatormutursst/index.php(13): CApplication->run()
#3 {main}
REQUEST_URI=/indikatormutursst/index.php?r=rekapindikator/admin
HTTP_REFERER=http://localhost/indikatormutursst/index.php
---
2018/10/05 08:31:03 [error] [exception.CHttpException.404] CHttpException: Unable to resolve the request "rekapindikator/admin". in /var/www/html/yii-1.1.16/framework/web/CWebApplication.php:286
Stack trace:
#0 /var/www/html/yii-1.1.16/framework/web/CWebApplication.php(141): CWebApplication->runController('rekapindikator/...')
#1 /var/www/html/yii-1.1.16/framework/base/CApplication.php(184): CWebApplication->processRequest()
#2 /var/www/html/indikatormutursst/index.php(13): CApplication->run()
#3 {main}
REQUEST_URI=/indikatormutursst/index.php?r=rekapindikator/admin
HTTP_REFERER=http://localhost/indikatormutursst/index.php
---
2018/10/05 08:31:04 [error] [exception.CHttpException.404] CHttpException: Unable to resolve the request "rekapindikator/admin". in /var/www/html/yii-1.1.16/framework/web/CWebApplication.php:286
Stack trace:
#0 /var/www/html/yii-1.1.16/framework/web/CWebApplication.php(141): CWebApplication->runController('rekapindikator/...')
#1 /var/www/html/yii-1.1.16/framework/base/CApplication.php(184): CWebApplication->processRequest()
#2 /var/www/html/indikatormutursst/index.php(13): CApplication->run()
#3 {main}
REQUEST_URI=/indikatormutursst/index.php?r=rekapindikator/admin
HTTP_REFERER=http://localhost/indikatormutursst/index.php
---
2018/10/05 08:31:22 [error] [exception.CHttpException.404] CHttpException: Unable to resolve the request "rekapindikator/admin". in /var/www/html/yii-1.1.16/framework/web/CWebApplication.php:286
Stack trace:
#0 /var/www/html/yii-1.1.16/framework/web/CWebApplication.php(141): CWebApplication->runController('rekapindikator/...')
#1 /var/www/html/yii-1.1.16/framework/base/CApplication.php(184): CWebApplication->processRequest()
#2 /var/www/html/indikatormutursst/index.php(13): CApplication->run()
#3 {main}
REQUEST_URI=/indikatormutursst/index.php?r=rekapindikator/admin
HTTP_REFERER=http://localhost/indikatormutursst/index.php
---
2018/10/05 08:31:23 [error] [exception.CHttpException.404] CHttpException: Unable to resolve the request "rekapindikator/admin". in /var/www/html/yii-1.1.16/framework/web/CWebApplication.php:286
Stack trace:
#0 /var/www/html/yii-1.1.16/framework/web/CWebApplication.php(141): CWebApplication->runController('rekapindikator/...')
#1 /var/www/html/yii-1.1.16/framework/base/CApplication.php(184): CWebApplication->processRequest()
#2 /var/www/html/indikatormutursst/index.php(13): CApplication->run()
#3 {main}
REQUEST_URI=/indikatormutursst/index.php?r=rekapindikator/admin
HTTP_REFERER=http://localhost/indikatormutursst/index.php
---
2018/10/05 08:31:24 [error] [exception.CHttpException.404] CHttpException: Unable to resolve the request "rekapindikator/admin". in /var/www/html/yii-1.1.16/framework/web/CWebApplication.php:286
Stack trace:
#0 /var/www/html/yii-1.1.16/framework/web/CWebApplication.php(141): CWebApplication->runController('rekapindikator/...')
#1 /var/www/html/yii-1.1.16/framework/base/CApplication.php(184): CWebApplication->processRequest()
#2 /var/www/html/indikatormutursst/index.php(13): CApplication->run()
#3 {main}
REQUEST_URI=/indikatormutursst/index.php?r=rekapindikator/admin
HTTP_REFERER=http://localhost/indikatormutursst/index.php
---
2018/10/05 08:31:25 [error] [exception.CHttpException.404] CHttpException: Unable to resolve the request "rekapindikator/admin". in /var/www/html/yii-1.1.16/framework/web/CWebApplication.php:286
Stack trace:
#0 /var/www/html/yii-1.1.16/framework/web/CWebApplication.php(141): CWebApplication->runController('rekapindikator/...')
#1 /var/www/html/yii-1.1.16/framework/base/CApplication.php(184): CWebApplication->processRequest()
#2 /var/www/html/indikatormutursst/index.php(13): CApplication->run()
#3 {main}
REQUEST_URI=/indikatormutursst/index.php?r=rekapindikator/admin
HTTP_REFERER=http://localhost/indikatormutursst/index.php
---
2018/10/05 08:31:25 [error] [exception.CHttpException.404] CHttpException: Unable to resolve the request "rekapindikator/admin". in /var/www/html/yii-1.1.16/framework/web/CWebApplication.php:286
Stack trace:
#0 /var/www/html/yii-1.1.16/framework/web/CWebApplication.php(141): CWebApplication->runController('rekapindikator/...')
#1 /var/www/html/yii-1.1.16/framework/base/CApplication.php(184): CWebApplication->processRequest()
#2 /var/www/html/indikatormutursst/index.php(13): CApplication->run()
#3 {main}
REQUEST_URI=/indikatormutursst/index.php?r=rekapindikator/admin
HTTP_REFERER=http://localhost/indikatormutursst/index.php
---
2018/10/05 08:31:25 [error] [exception.CHttpException.404] CHttpException: Unable to resolve the request "rekapindikator/admin". in /var/www/html/yii-1.1.16/framework/web/CWebApplication.php:286
Stack trace:
#0 /var/www/html/yii-1.1.16/framework/web/CWebApplication.php(141): CWebApplication->runController('rekapindikator/...')
#1 /var/www/html/yii-1.1.16/framework/base/CApplication.php(184): CWebApplication->processRequest()
#2 /var/www/html/indikatormutursst/index.php(13): CApplication->run()
#3 {main}
REQUEST_URI=/indikatormutursst/index.php?r=rekapindikator/admin
HTTP_REFERER=http://localhost/indikatormutursst/index.php
---
2018/10/05 08:31:25 [error] [exception.CHttpException.404] CHttpException: Unable to resolve the request "rekapindikator/admin". in /var/www/html/yii-1.1.16/framework/web/CWebApplication.php:286
Stack trace:
#0 /var/www/html/yii-1.1.16/framework/web/CWebApplication.php(141): CWebApplication->runController('rekapindikator/...')
#1 /var/www/html/yii-1.1.16/framework/base/CApplication.php(184): CWebApplication->processRequest()
#2 /var/www/html/indikatormutursst/index.php(13): CApplication->run()
#3 {main}
REQUEST_URI=/indikatormutursst/index.php?r=rekapindikator/admin
HTTP_REFERER=http://localhost/indikatormutursst/index.php
---
2018/10/05 08:31:38 [error] [exception.CHttpException.404] CHttpException: Unable to resolve the request "rekapindikator/admin". in /var/www/html/yii-1.1.16/framework/web/CWebApplication.php:286
Stack trace:
#0 /var/www/html/yii-1.1.16/framework/web/CWebApplication.php(141): CWebApplication->runController('rekapindikator/...')
#1 /var/www/html/yii-1.1.16/framework/base/CApplication.php(184): CWebApplication->processRequest()
#2 /var/www/html/indikatormutursst/index.php(13): CApplication->run()
#3 {main}
REQUEST_URI=/indikatormutursst/index.php?r=rekapindikator/admin
HTTP_REFERER=http://localhost/indikatormutursst/index.php?r=unit/admin
---
2018/10/05 08:33:17 [error] [exception.CHttpException.404] CHttpException: Unable to resolve the request "rekapindikator/admin". in /var/www/html/yii-1.1.16/framework/web/CWebApplication.php:286
Stack trace:
#0 /var/www/html/yii-1.1.16/framework/web/CWebApplication.php(141): CWebApplication->runController('rekapindikator/...')
#1 /var/www/html/yii-1.1.16/framework/base/CApplication.php(184): CWebApplication->processRequest()
#2 /var/www/html/indikatormutursst/index.php(13): CApplication->run()
#3 {main}
REQUEST_URI=/indikatormutursst/index.php?r=rekapindikator/admin
HTTP_REFERER=http://localhost/indikatormutursst/index.php
---
2018/10/05 08:33:18 [error] [exception.CHttpException.404] CHttpException: Unable to resolve the request "rekapindikator/admin". in /var/www/html/yii-1.1.16/framework/web/CWebApplication.php:286
Stack trace:
#0 /var/www/html/yii-1.1.16/framework/web/CWebApplication.php(141): CWebApplication->runController('rekapindikator/...')
#1 /var/www/html/yii-1.1.16/framework/base/CApplication.php(184): CWebApplication->processRequest()
#2 /var/www/html/indikatormutursst/index.php(13): CApplication->run()
#3 {main}
REQUEST_URI=/indikatormutursst/index.php?r=rekapindikator/admin
HTTP_REFERER=http://localhost/indikatormutursst/index.php
---
2018/10/05 08:33:19 [error] [exception.CHttpException.404] CHttpException: Unable to resolve the request "rekapindikator/admin". in /var/www/html/yii-1.1.16/framework/web/CWebApplication.php:286
Stack trace:
#0 /var/www/html/yii-1.1.16/framework/web/CWebApplication.php(141): CWebApplication->runController('rekapindikator/...')
#1 /var/www/html/yii-1.1.16/framework/base/CApplication.php(184): CWebApplication->processRequest()
#2 /var/www/html/indikatormutursst/index.php(13): CApplication->run()
#3 {main}
REQUEST_URI=/indikatormutursst/index.php?r=rekapindikator/admin
HTTP_REFERER=http://localhost/indikatormutursst/index.php
---
2018/10/05 08:33:19 [error] [exception.CHttpException.404] CHttpException: Unable to resolve the request "rekapindikator/admin". in /var/www/html/yii-1.1.16/framework/web/CWebApplication.php:286
Stack trace:
#0 /var/www/html/yii-1.1.16/framework/web/CWebApplication.php(141): CWebApplication->runController('rekapindikator/...')
#1 /var/www/html/yii-1.1.16/framework/base/CApplication.php(184): CWebApplication->processRequest()
#2 /var/www/html/indikatormutursst/index.php(13): CApplication->run()
#3 {main}
REQUEST_URI=/indikatormutursst/index.php?r=rekapindikator/admin
HTTP_REFERER=http://localhost/indikatormutursst/index.php
---
2018/10/05 08:33:19 [error] [exception.CHttpException.404] CHttpException: Unable to resolve the request "rekapindikator/admin". in /var/www/html/yii-1.1.16/framework/web/CWebApplication.php:286
Stack trace:
#0 /var/www/html/yii-1.1.16/framework/web/CWebApplication.php(141): CWebApplication->runController('rekapindikator/...')
#1 /var/www/html/yii-1.1.16/framework/base/CApplication.php(184): CWebApplication->processRequest()
#2 /var/www/html/indikatormutursst/index.php(13): CApplication->run()
#3 {main}
REQUEST_URI=/indikatormutursst/index.php?r=rekapindikator/admin
HTTP_REFERER=http://localhost/indikatormutursst/index.php
---
2018/10/05 08:33:19 [error] [exception.CHttpException.404] CHttpException: Unable to resolve the request "rekapindikator/admin". in /var/www/html/yii-1.1.16/framework/web/CWebApplication.php:286
Stack trace:
#0 /var/www/html/yii-1.1.16/framework/web/CWebApplication.php(141): CWebApplication->runController('rekapindikator/...')
#1 /var/www/html/yii-1.1.16/framework/base/CApplication.php(184): CWebApplication->processRequest()
#2 /var/www/html/indikatormutursst/index.php(13): CApplication->run()
#3 {main}
REQUEST_URI=/indikatormutursst/index.php?r=rekapindikator/admin
HTTP_REFERER=http://localhost/indikatormutursst/index.php
---
2018/10/05 08:33:20 [error] [exception.CHttpException.404] CHttpException: Unable to resolve the request "rekapindikator/admin". in /var/www/html/yii-1.1.16/framework/web/CWebApplication.php:286
Stack trace:
#0 /var/www/html/yii-1.1.16/framework/web/CWebApplication.php(141): CWebApplication->runController('rekapindikator/...')
#1 /var/www/html/yii-1.1.16/framework/base/CApplication.php(184): CWebApplication->processRequest()
#2 /var/www/html/indikatormutursst/index.php(13): CApplication->run()
#3 {main}
REQUEST_URI=/indikatormutursst/index.php?r=rekapindikator/admin
HTTP_REFERER=http://localhost/indikatormutursst/index.php
---
2018/10/05 08:33:20 [error] [exception.CHttpException.404] CHttpException: Unable to resolve the request "rekapindikator/admin". in /var/www/html/yii-1.1.16/framework/web/CWebApplication.php:286
Stack trace:
#0 /var/www/html/yii-1.1.16/framework/web/CWebApplication.php(141): CWebApplication->runController('rekapindikator/...')
#1 /var/www/html/yii-1.1.16/framework/base/CApplication.php(184): CWebApplication->processRequest()
#2 /var/www/html/indikatormutursst/index.php(13): CApplication->run()
#3 {main}
REQUEST_URI=/indikatormutursst/index.php?r=rekapindikator/admin
HTTP_REFERER=http://localhost/indikatormutursst/index.php
---
2018/10/05 08:33:53 [error] [exception.CHttpException.404] CHttpException: Unable to resolve the request "rekapindikator/index". in /var/www/html/yii-1.1.16/framework/web/CWebApplication.php:286
Stack trace:
#0 /var/www/html/yii-1.1.16/framework/web/CWebApplication.php(141): CWebApplication->runController('rekapindikator/...')
#1 /var/www/html/yii-1.1.16/framework/base/CApplication.php(184): CWebApplication->processRequest()
#2 /var/www/html/indikatormutursst/index.php(13): CApplication->run()
#3 {main}
REQUEST_URI=/indikatormutursst/index.php?r=rekapindikator/index
---
2018/10/05 08:33:59 [error] [exception.CHttpException.404] CHttpException: Unable to resolve the request "rekapindikator/admin". in /var/www/html/yii-1.1.16/framework/web/CWebApplication.php:286
Stack trace:
#0 /var/www/html/yii-1.1.16/framework/web/CWebApplication.php(141): CWebApplication->runController('rekapindikator/...')
#1 /var/www/html/yii-1.1.16/framework/base/CApplication.php(184): CWebApplication->processRequest()
#2 /var/www/html/indikatormutursst/index.php(13): CApplication->run()
#3 {main}
REQUEST_URI=/indikatormutursst/index.php?r=rekapindikator/admin
---
2018/10/05 08:35:03 [error] [php] Division by zero (/var/www/html/indikatormutursst/protected/views/rekapIndikator/admin.php:249)
Stack trace:
#0 /var/www/html/yii-1.1.16/framework/web/CController.php(869): RekapIndikatorController->renderFile()
#1 /var/www/html/yii-1.1.16/framework/web/CController.php(782): RekapIndikatorController->renderPartial()
#2 /var/www/html/indikatormutursst/protected/controllers/RekapIndikatorController.php(201): RekapIndikatorController->render()
#3 /var/www/html/yii-1.1.16/framework/web/actions/CInlineAction.php(49): RekapIndikatorController->actionAdmin()
#4 /var/www/html/yii-1.1.16/framework/web/CController.php(308): CInlineAction->runWithParams()
#5 /var/www/html/yii-1.1.16/framework/web/filters/CFilterChain.php(133): RekapIndikatorController->runAction()
#6 /var/www/html/yii-1.1.16/framework/web/filters/CFilter.php(40): CFilterChain->run()
#7 /var/www/html/yii-1.1.16/framework/web/CController.php(1145): CAccessControlFilter->filter()
#8 /var/www/html/yii-1.1.16/framework/web/filters/CInlineFilter.php(58): RekapIndikatorController->filterAccessControl()
#9 /var/www/html/yii-1.1.16/framework/web/filters/CFilterChain.php(130): CInlineFilter->filter()
#10 /var/www/html/yii-1.1.16/framework/web/CController.php(291): CFilterChain->run()
#11 /var/www/html/yii-1.1.16/framework/web/CController.php(265): RekapIndikatorController->runActionWithFilters()
#12 /var/www/html/yii-1.1.16/framework/web/CWebApplication.php(282): RekapIndikatorController->run()
#13 /var/www/html/yii-1.1.16/framework/web/CWebApplication.php(141): CWebApplication->runController()
#14 /var/www/html/yii-1.1.16/framework/base/CApplication.php(184): CWebApplication->processRequest()
#15 /var/www/html/indikatormutursst/index.php(13): CWebApplication->run()
REQUEST_URI=/indikatormutursst/index.php?r=RekapIndikator/admin
in /var/www/html/indikatormutursst/protected/views/rekapIndikator/admin.php (249)
in /var/www/html/indikatormutursst/protected/controllers/RekapIndikatorController.php (201)
in /var/www/html/indikatormutursst/index.php (13)
2018/10/05 08:36:30 [error] [php] Division by zero (/var/www/html/indikatormutursst/protected/views/rekapIndikator/admin.php:249)
Stack trace:
#0 /var/www/html/yii-1.1.16/framework/web/CController.php(869): RekapIndikatorController->renderFile()
#1 /var/www/html/yii-1.1.16/framework/web/CController.php(782): RekapIndikatorController->renderPartial()
#2 /var/www/html/indikatormutursst/protected/controllers/RekapIndikatorController.php(201): RekapIndikatorController->render()
#3 /var/www/html/yii-1.1.16/framework/web/actions/CInlineAction.php(49): RekapIndikatorController->actionAdmin()
#4 /var/www/html/yii-1.1.16/framework/web/CController.php(308): CInlineAction->runWithParams()
#5 /var/www/html/yii-1.1.16/framework/web/filters/CFilterChain.php(133): RekapIndikatorController->runAction()
#6 /var/www/html/yii-1.1.16/framework/web/filters/CFilter.php(40): CFilterChain->run()
#7 /var/www/html/yii-1.1.16/framework/web/CController.php(1145): CAccessControlFilter->filter()
#8 /var/www/html/yii-1.1.16/framework/web/filters/CInlineFilter.php(58): RekapIndikatorController->filterAccessControl()
#9 /var/www/html/yii-1.1.16/framework/web/filters/CFilterChain.php(130): CInlineFilter->filter()
#10 /var/www/html/yii-1.1.16/framework/web/CController.php(291): CFilterChain->run()
#11 /var/www/html/yii-1.1.16/framework/web/CController.php(265): RekapIndikatorController->runActionWithFilters()
#12 /var/www/html/yii-1.1.16/framework/web/CWebApplication.php(282): RekapIndikatorController->run()
#13 /var/www/html/yii-1.1.16/framework/web/CWebApplication.php(141): CWebApplication->runController()
#14 /var/www/html/yii-1.1.16/framework/base/CApplication.php(184): CWebApplication->processRequest()
#15 /var/www/html/indikatormutursst/index.php(13): CWebApplication->run()
REQUEST_URI=/indikatormutursst/index.php?r=RekapIndikator/admin
in /var/www/html/indikatormutursst/protected/views/rekapIndikator/admin.php (249)
in /var/www/html/indikatormutursst/protected/controllers/RekapIndikatorController.php (201)
in /var/www/html/indikatormutursst/index.php (13)
2018/10/05 08:37:16 [error] [exception.CHttpException.404] CHttpException: Unable to resolve the request "rekapindikator/admin". in /var/www/html/yii-1.1.16/framework/web/CWebApplication.php:286
Stack trace:
#0 /var/www/html/yii-1.1.16/framework/web/CWebApplication.php(141): CWebApplication->runController('rekapindikator/...')
#1 /var/www/html/yii-1.1.16/framework/base/CApplication.php(184): CWebApplication->processRequest()
#2 /var/www/html/indikatormutursst/index.php(13): CApplication->run()
#3 {main}
REQUEST_URI=/indikatormutursst/index.php?r=rekapindikator/admin&idsat=27&tgl=05-10-2018
HTTP_REFERER=http://localhost/indikatormutursst/index.php?r=RekapIndikator/admin
---
2018/10/05 08:38:58 [error] [exception.CHttpException.404] CHttpException: Unable to resolve the request "rekapindikator/admin". in /var/www/html/yii-1.1.16/framework/web/CWebApplication.php:286
Stack trace:
#0 /var/www/html/yii-1.1.16/framework/web/CWebApplication.php(141): CWebApplication->runController('rekapindikator/...')
#1 /var/www/html/yii-1.1.16/framework/base/CApplication.php(184): CWebApplication->processRequest()
#2 /var/www/html/indikatormutursst/index.php(13): CApplication->run()
#3 {main}
REQUEST_URI=/indikatormutursst/index.php?r=rekapindikator/admin&idsat=29&tgl=05-10-2018
HTTP_REFERER=http://localhost/indikatormutursst/index.php?r=RekapIndikator/admin
---
2018/10/05 08:42:24 [error] [exception.CHttpException.404] CHttpException: Unable to resolve the request "rekapindikator/admin". in /var/www/html/yii-1.1.16/framework/web/CWebApplication.php:286
Stack trace:
#0 /var/www/html/yii-1.1.16/framework/web/CWebApplication.php(141): CWebApplication->runController('rekapindikator/...')
#1 /var/www/html/yii-1.1.16/framework/base/CApplication.php(184): CWebApplication->processRequest()
#2 /var/www/html/indikatormutursst/index.php(13): CApplication->run()
#3 {main}
REQUEST_URI=/indikatormutursst/index.php?r=rekapindikator/admin&idsat=34&tgl=05-10-2018
HTTP_REFERER=http://localhost/indikatormutursst/index.php?r=RekapIndikator/admin
---
2018/10/05 09:03:42 [error] [exception.CHttpException.404] CHttpException: Unable to resolve the request "rekapindikator/admin". in /var/www/html/yii-1.1.16/framework/web/CWebApplication.php:286
Stack trace:
#0 /var/www/html/yii-1.1.16/framework/web/CWebApplication.php(141): CWebApplication->runController('rekapindikator/...')
#1 /var/www/html/yii-1.1.16/framework/base/CApplication.php(184): CWebApplication->processRequest()
#2 /var/www/html/indikatormutursst/index.php(13): CApplication->run()
#3 {main}
REQUEST_URI=/indikatormutursst/index.php?r=rekapindikator/admin&0%5Bidsat%5D=2
HTTP_REFERER=http://localhost/indikatormutursst/index.php?r=grafik/indikator
---
2018/10/05 09:04:16 [error] [exception.CException] CException: Property "EWebUser.idsatker" is not defined. in /var/www/html/yii-1.1.16/framework/base/CComponent.php:130
Stack trace:
#0 /var/www/html/yii-1.1.16/framework/web/auth/CWebUser.php(146): CComponent->__get('idsatker')
#1 /var/www/html/indikatormutursst/themes/abound-dev/views/layouts/tpl_navigation.php(32): CWebUser->__get('idsatker')
#2 /var/www/html/indikatormutursst/themes/abound-dev/views/layouts/main.php(100): require_once('/var/www/html/i...')
#3 /var/www/html/yii-1.1.16/framework/web/CBaseController.php(126): require('/var/www/html/i...')
#4 /var/www/html/yii-1.1.16/framework/web/CBaseController.php(95): CBaseController->renderInternal('/var/www/html/i...', Array, true)
#5 /var/www/html/yii-1.1.16/framework/web/widgets/CContentDecorator.php(76): CBaseController->renderFile('/var/www/html/i...', Array, true)
#6 /var/www/html/yii-1.1.16/framework/web/widgets/CContentDecorator.php(54): CContentDecorator->decorate('<div id="conten...')
#7 /var/www/html/yii-1.1.16/framework/web/widgets/COutputProcessor.php(44): CContentDecorator->processOutput('<div id="conten...')
#8 /var/www/html/yii-1.1.16/framework/web/CBaseController.php(214): COutputProcessor->run()
#9 /var/www/html/yii-1.1.16/framework/web/CBaseController.php(308): CBaseController->endWidget('CContentDecorat...')
#10 /var/www/html/indikatormutursst/themes/abound-dev/views/layouts/column1.php(14): CBaseController->endContent()
#11 /var/www/html/yii-1.1.16/framework/web/CBaseController.php(126): require('/var/www/html/i...')
#12 /var/www/html/yii-1.1.16/framework/web/CBaseController.php(95): CBaseController->renderInternal('/var/www/html/i...', Array, true)
#13 /var/www/html/yii-1.1.16/framework/web/CController.php(784): CBaseController->renderFile('/var/www/html/i...', Array, true)
#14 /var/www/html/indikatormutursst/protected/controllers/SiteController.php(32): CController->render('index')
#15 /var/www/html/yii-1.1.16/framework/web/actions/CInlineAction.php(49): SiteController->actionIndex()
#16 /var/www/html/yii-1.1.16/framework/web/CController.php(308): CInlineAction->runWithParams(Array)
#17 /var/www/html/yii-1.1.16/framework/web/CController.php(286): CController->runAction(Object(CInlineAction))
#18 /var/www/html/yii-1.1.16/framework/web/CController.php(265): CController->runActionWithFilters(Object(CInlineAction), Array)
#19 /var/www/html/yii-1.1.16/framework/web/CWebApplication.php(282): CController->run('')
#20 /var/www/html/yii-1.1.16/framework/web/CWebApplication.php(141): CWebApplication->runController('')
#21 /var/www/html/yii-1.1.16/framework/base/CApplication.php(184): CWebApplication->processRequest()
#22 /var/www/html/indikatormutursst/index.php(13): CApplication->run()
#23 {main}
REQUEST_URI=/indikatormutursst/index.php
HTTP_REFERER=http://localhost/indikatormutursst/index.php?r=RekapIndikator/admin&0%5Bidsat%5D=2
---
2018/10/05 09:06:36 [error] [exception.CHttpException.404] CHttpException: Unable to resolve the request "rekapindikator/admin". in /var/www/html/yii-1.1.16/framework/web/CWebApplication.php:286
Stack trace:
#0 /var/www/html/yii-1.1.16/framework/web/CWebApplication.php(141): CWebApplication->runController('rekapindikator/...')
#1 /var/www/html/yii-1.1.16/framework/base/CApplication.php(184): CWebApplication->processRequest()
#2 /var/www/html/indikatormutursst/index.php(13): CApplication->run()
#3 {main}
REQUEST_URI=/indikatormutursst/index.php?r=rekapindikator/admin
HTTP_REFERER=http://localhost/indikatormutursst/index.php
---
2018/10/05 13:55:09 [error] [exception.CException] CException: Property "EWebUser.idsatker" is not defined. in /var/www/html/yii-1.1.16/framework/base/CComponent.php:130
Stack trace:
#0 /var/www/html/yii-1.1.16/framework/web/auth/CWebUser.php(146): CComponent->__get('idsatker')
#1 /var/www/html/indikatormutursst/protected/controllers/RekapIndikatorController.php(219): CWebUser->__get('idsatker')
#2 /var/www/html/yii-1.1.16/framework/web/actions/CInlineAction.php(49): RekapIndikatorController->actionAdminUnit()
#3 /var/www/html/yii-1.1.16/framework/web/CController.php(308): CInlineAction->runWithParams(Array)
#4 /var/www/html/yii-1.1.16/framework/web/filters/CFilterChain.php(133): CController->runAction(Object(CInlineAction))
#5 /var/www/html/yii-1.1.16/framework/web/filters/CFilter.php(40): CFilterChain->run()
#6 /var/www/html/yii-1.1.16/framework/web/CController.php(1145): CFilter->filter(Object(CFilterChain))
#7 /var/www/html/yii-1.1.16/framework/web/filters/CInlineFilter.php(58): CController->filterAccessControl(Object(CFilterChain))
#8 /var/www/html/yii-1.1.16/framework/web/filters/CFilterChain.php(130): CInlineFilter->filter(Object(CFilterChain))
#9 /var/www/html/yii-1.1.16/framework/web/CController.php(291): CFilterChain->run()
#10 /var/www/html/yii-1.1.16/framework/web/CController.php(265): CController->runActionWithFilters(Object(CInlineAction), Array)
#11 /var/www/html/yii-1.1.16/framework/web/CWebApplication.php(282): CController->run('adminunit')
#12 /var/www/html/yii-1.1.16/framework/web/CWebApplication.php(141): CWebApplication->runController('RekapIndikator/...')
#13 /var/www/html/yii-1.1.16/framework/base/CApplication.php(184): CWebApplication->processRequest()
#14 /var/www/html/indikatormutursst/index.php(13): CApplication->run()
#15 {main}
REQUEST_URI=/indikatormutursst/index.php?r=RekapIndikator/adminunit
---
2018/10/05 13:56:31 [error] [exception.CHttpException.404] CHttpException: Unable to resolve the request "rekapindikator/admin". in /var/www/html/yii-1.1.16/framework/web/CWebApplication.php:286
Stack trace:
#0 /var/www/html/yii-1.1.16/framework/web/CWebApplication.php(141): CWebApplication->runController('rekapindikator/...')
#1 /var/www/html/yii-1.1.16/framework/base/CApplication.php(184): CWebApplication->processRequest()
#2 /var/www/html/indikatormutursst/index.php(13): CApplication->run()
#3 {main}
REQUEST_URI=/indikatormutursst/index.php?r=rekapindikator/admin
HTTP_REFERER=http://localhost/indikatormutursst/index.php
---
2018/10/08 08:21:36 [error] [exception.CHttpException.404] CHttpException: Unable to resolve the request "rekapindikator/admin". in /var/www/html/yii-1.1.16/framework/web/CWebApplication.php:286
Stack trace:
#0 /var/www/html/yii-1.1.16/framework/web/CWebApplication.php(141): CWebApplication->runController('rekapindikator/...')
#1 /var/www/html/yii-1.1.16/framework/base/CApplication.php(184): CWebApplication->processRequest()
#2 /var/www/html/indikatormutursst/index.php(13): CApplication->run()
#3 {main}
REQUEST_URI=/indikatormutursst/index.php?r=rekapindikator/admin
HTTP_REFERER=http://localhost/indikatormutursst/index.php
---
2018/10/08 08:28:44 [error] [exception.CHttpException.404] CHttpException: Unable to resolve the request "rekapindikator/admin". in /var/www/html/yii-1.1.16/framework/web/CWebApplication.php:286
Stack trace:
#0 /var/www/html/yii-1.1.16/framework/web/CWebApplication.php(141): CWebApplication->runController('rekapindikator/...')
#1 /var/www/html/yii-1.1.16/framework/base/CApplication.php(184): CWebApplication->processRequest()
#2 /var/www/html/indikatormutursst/index.php(13): CApplication->run()
#3 {main}
REQUEST_URI=/indikatormutursst/index.php?r=rekapindikator/admin
HTTP_REFERER=http://localhost/indikatormutursst/index.php
---
2018/10/08 08:28:55 [error] [system.db.CDbCommand] CDbCommand::fetchAll() failed: SQLSTATE[42S22]: Column not found: 1054 Unknown column 'idSatker.idUnit.id_unit' in 'where clause'. The SQL statement executed was: SELECT `t`.`id_ind_satker` AS `t0_c0`, `t`.`id_indikator` AS `t0_c1`, `t`.`id_satker` AS `t0_c2`, `t`.`id_pjdata` AS `t0_c3`, `idIndikator`.`id_indikator` AS `t1_c0`, `idIndikator`.`area_ind` AS `t1_c1`, `idIndikator`.`uraian_ind` AS `t1_c2`, `idIndikator`.`id_klp` AS `t1_c3`, `idIndikator`.`status` AS `t1_c4`, `idIndikator`.`standar` AS `t1_c5` FROM `ind_satker` `t`  LEFT OUTER JOIN `indikator` `idIndikator` ON (`t`.`id_indikator`=`idIndikator`.`id_indikator`) WHERE (idSatker.idUnit.id_unit =:id AND idIndikator.status=1).
in /var/www/html/indikatormutursst/protected/controllers/RekapIndikatorController.php (248)
in /var/www/html/indikatormutursst/index.php (13)
2018/10/08 08:28:55 [error] [exception.CDbException] CDbException: CDbCommand failed to execute the SQL statement: SQLSTATE[42S22]: Column not found: 1054 Unknown column 'idSatker.idUnit.id_unit' in 'where clause'. The SQL statement executed was: SELECT `t`.`id_ind_satker` AS `t0_c0`, `t`.`id_indikator` AS `t0_c1`, `t`.`id_satker` AS `t0_c2`, `t`.`id_pjdata` AS `t0_c3`, `idIndikator`.`id_indikator` AS `t1_c0`, `idIndikator`.`area_ind` AS `t1_c1`, `idIndikator`.`uraian_ind` AS `t1_c2`, `idIndikator`.`id_klp` AS `t1_c3`, `idIndikator`.`status` AS `t1_c4`, `idIndikator`.`standar` AS `t1_c5` FROM `ind_satker` `t`  LEFT OUTER JOIN `indikator` `idIndikator` ON (`t`.`id_indikator`=`idIndikator`.`id_indikator`) WHERE (idSatker.idUnit.id_unit =:id AND idIndikator.status=1) in /var/www/html/yii-1.1.16/framework/db/CDbCommand.php:543
Stack trace:
#0 /var/www/html/yii-1.1.16/framework/db/CDbCommand.php(396): CDbCommand->queryInternal('fetchAll', Array, Array)
#1 /var/www/html/yii-1.1.16/framework/db/ar/CActiveFinder.php(808): CDbCommand->queryAll()
#2 /var/www/html/yii-1.1.16/framework/db/ar/CActiveFinder.php(440): CJoinElement->runQuery(Object(CJoinQuery))
#3 /var/www/html/yii-1.1.16/framework/db/ar/CActiveFinder.php(68): CJoinElement->find(Object(CDbCriteria))
#4 /var/www/html/yii-1.1.16/framework/db/ar/CActiveRecord.php(1361): CActiveFinder->query(Object(CDbCriteria), true)
#5 /var/www/html/yii-1.1.16/framework/db/ar/CActiveRecord.php(1475): CActiveRecord->query(Object(CDbCriteria), true)
#6 /var/www/html/indikatormutursst/protected/controllers/RekapIndikatorController.php(248): CActiveRecord->findAll(Array)
#7 /var/www/html/yii-1.1.16/framework/web/actions/CInlineAction.php(49): RekapIndikatorController->actionAdminUnit()
#8 /var/www/html/yii-1.1.16/framework/web/CController.php(308): CInlineAction->runWithParams(Array)
#9 /var/www/html/yii-1.1.16/framework/web/filters/CFilterChain.php(133): CController->runAction(Object(CInlineAction))
#10 /var/www/html/yii-1.1.16/framework/web/filters/CFilter.php(40): CFilterChain->run()
#11 /var/www/html/yii-1.1.16/framework/web/CController.php(1145): CFilter->filter(Object(CFilterChain))
#12 /var/www/html/yii-1.1.16/framework/web/filters/CInlineFilter.php(58): CController->filterAccessControl(Object(CFilterChain))
#13 /var/www/html/yii-1.1.16/framework/web/filters/CFilterChain.php(130): CInlineFilter->filter(Object(CFilterChain))
#14 /var/www/html/yii-1.1.16/framework/web/CController.php(291): CFilterChain->run()
#15 /var/www/html/yii-1.1.16/framework/web/CController.php(265): CController->runActionWithFilters(Object(CInlineAction), Array)
#16 /var/www/html/yii-1.1.16/framework/web/CWebApplication.php(282): CController->run('adminunit')
#17 /var/www/html/yii-1.1.16/framework/web/CWebApplication.php(141): CWebApplication->runController('RekapIndikator/...')
#18 /var/www/html/yii-1.1.16/framework/base/CApplication.php(184): CWebApplication->processRequest()
#19 /var/www/html/indikatormutursst/index.php(13): CApplication->run()
#20 {main}
REQUEST_URI=/indikatormutursst/index.php?r=RekapIndikator/adminunit
---
2018/10/08 08:30:45 [error] [exception.CDbException] CDbException: Relation "a" is not defined in active record class "IndSatker". in /var/www/html/yii-1.1.16/framework/db/ar/CActiveFinder.php:226
Stack trace:
#0 /var/www/html/yii-1.1.16/framework/db/ar/CActiveFinder.php(210): CActiveFinder->buildJoinTree(Object(CJoinElement), 'a')
#1 /var/www/html/yii-1.1.16/framework/db/ar/CActiveFinder.php(301): CActiveFinder->buildJoinTree(Object(CJoinElement), 'a.idUnit', Array)
#2 /var/www/html/yii-1.1.16/framework/db/ar/CActiveFinder.php(48): CActiveFinder->buildJoinTree(Object(CJoinElement), Array)
#3 /var/www/html/yii-1.1.16/framework/db/ar/CActiveRecord.php(912): CActiveFinder->__construct(Object(IndSatker), Array)
#4 /var/www/html/yii-1.1.16/framework/db/ar/CActiveRecord.php(1360): CActiveRecord->getActiveFinder(Array)
#5 /var/www/html/yii-1.1.16/framework/db/ar/CActiveRecord.php(1475): CActiveRecord->query(Object(CDbCriteria), true)
#6 /var/www/html/indikatormutursst/protected/controllers/RekapIndikatorController.php(251): CActiveRecord->findAll(Array)
#7 /var/www/html/yii-1.1.16/framework/web/actions/CInlineAction.php(49): RekapIndikatorController->actionAdminUnit()
#8 /var/www/html/yii-1.1.16/framework/web/CController.php(308): CInlineAction->runWithParams(Array)
#9 /var/www/html/yii-1.1.16/framework/web/filters/CFilterChain.php(133): CController->runAction(Object(CInlineAction))
#10 /var/www/html/yii-1.1.16/framework/web/filters/CFilter.php(40): CFilterChain->run()
#11 /var/www/html/yii-1.1.16/framework/web/CController.php(1145): CFilter->filter(Object(CFilterChain))
#12 /var/www/html/yii-1.1.16/framework/web/filters/CInlineFilter.php(58): CController->filterAccessControl(Object(CFilterChain))
#13 /var/www/html/yii-1.1.16/framework/web/filters/CFilterChain.php(130): CInlineFilter->filter(Object(CFilterChain))
#14 /var/www/html/yii-1.1.16/framework/web/CController.php(291): CFilterChain->run()
#15 /var/www/html/yii-1.1.16/framework/web/CController.php(265): CController->runActionWithFilters(Object(CInlineAction), Array)
#16 /var/www/html/yii-1.1.16/framework/web/CWebApplication.php(282): CController->run('adminunit')
#17 /var/www/html/yii-1.1.16/framework/web/CWebApplication.php(141): CWebApplication->runController('RekapIndikator/...')
#18 /var/www/html/yii-1.1.16/framework/base/CApplication.php(184): CWebApplication->processRequest()
#19 /var/www/html/indikatormutursst/index.php(13): CApplication->run()
#20 {main}
REQUEST_URI=/indikatormutursst/index.php?r=RekapIndikator/adminunit
---
2018/10/08 08:30:46 [error] [exception.CDbException] CDbException: Relation "a" is not defined in active record class "IndSatker". in /var/www/html/yii-1.1.16/framework/db/ar/CActiveFinder.php:226
Stack trace:
#0 /var/www/html/yii-1.1.16/framework/db/ar/CActiveFinder.php(210): CActiveFinder->buildJoinTree(Object(CJoinElement), 'a')
#1 /var/www/html/yii-1.1.16/framework/db/ar/CActiveFinder.php(301): CActiveFinder->buildJoinTree(Object(CJoinElement), 'a.idUnit', Array)
#2 /var/www/html/yii-1.1.16/framework/db/ar/CActiveFinder.php(48): CActiveFinder->buildJoinTree(Object(CJoinElement), Array)
#3 /var/www/html/yii-1.1.16/framework/db/ar/CActiveRecord.php(912): CActiveFinder->__construct(Object(IndSatker), Array)
#4 /var/www/html/yii-1.1.16/framework/db/ar/CActiveRecord.php(1360): CActiveRecord->getActiveFinder(Array)
#5 /var/www/html/yii-1.1.16/framework/db/ar/CActiveRecord.php(1475): CActiveRecord->query(Object(CDbCriteria), true)
#6 /var/www/html/indikatormutursst/protected/controllers/RekapIndikatorController.php(251): CActiveRecord->findAll(Array)
#7 /var/www/html/yii-1.1.16/framework/web/actions/CInlineAction.php(49): RekapIndikatorController->actionAdminUnit()
#8 /var/www/html/yii-1.1.16/framework/web/CController.php(308): CInlineAction->runWithParams(Array)
#9 /var/www/html/yii-1.1.16/framework/web/filters/CFilterChain.php(133): CController->runAction(Object(CInlineAction))
#10 /var/www/html/yii-1.1.16/framework/web/filters/CFilter.php(40): CFilterChain->run()
#11 /var/www/html/yii-1.1.16/framework/web/CController.php(1145): CFilter->filter(Object(CFilterChain))
#12 /var/www/html/yii-1.1.16/framework/web/filters/CInlineFilter.php(58): CController->filterAccessControl(Object(CFilterChain))
#13 /var/www/html/yii-1.1.16/framework/web/filters/CFilterChain.php(130): CInlineFilter->filter(Object(CFilterChain))
#14 /var/www/html/yii-1.1.16/framework/web/CController.php(291): CFilterChain->run()
#15 /var/www/html/yii-1.1.16/framework/web/CController.php(265): CController->runActionWithFilters(Object(CInlineAction), Array)
#16 /var/www/html/yii-1.1.16/framework/web/CWebApplication.php(282): CController->run('adminunit')
#17 /var/www/html/yii-1.1.16/framework/web/CWebApplication.php(141): CWebApplication->runController('RekapIndikator/...')
#18 /var/www/html/yii-1.1.16/framework/base/CApplication.php(184): CWebApplication->processRequest()
#19 /var/www/html/indikatormutursst/index.php(13): CApplication->run()
#20 {main}
REQUEST_URI=/indikatormutursst/index.php?r=RekapIndikator/adminunit
---
2018/10/08 08:30:47 [error] [exception.CDbException] CDbException: Relation "a" is not defined in active record class "IndSatker". in /var/www/html/yii-1.1.16/framework/db/ar/CActiveFinder.php:226
Stack trace:
#0 /var/www/html/yii-1.1.16/framework/db/ar/CActiveFinder.php(210): CActiveFinder->buildJoinTree(Object(CJoinElement), 'a')
#1 /var/www/html/yii-1.1.16/framework/db/ar/CActiveFinder.php(301): CActiveFinder->buildJoinTree(Object(CJoinElement), 'a.idUnit', Array)
#2 /var/www/html/yii-1.1.16/framework/db/ar/CActiveFinder.php(48): CActiveFinder->buildJoinTree(Object(CJoinElement), Array)
#3 /var/www/html/yii-1.1.16/framework/db/ar/CActiveRecord.php(912): CActiveFinder->__construct(Object(IndSatker), Array)
#4 /var/www/html/yii-1.1.16/framework/db/ar/CActiveRecord.php(1360): CActiveRecord->getActiveFinder(Array)
#5 /var/www/html/yii-1.1.16/framework/db/ar/CActiveRecord.php(1475): CActiveRecord->query(Object(CDbCriteria), true)
#6 /var/www/html/indikatormutursst/protected/controllers/RekapIndikatorController.php(251): CActiveRecord->findAll(Array)
#7 /var/www/html/yii-1.1.16/framework/web/actions/CInlineAction.php(49): RekapIndikatorController->actionAdminUnit()
#8 /var/www/html/yii-1.1.16/framework/web/CController.php(308): CInlineAction->runWithParams(Array)
#9 /var/www/html/yii-1.1.16/framework/web/filters/CFilterChain.php(133): CController->runAction(Object(CInlineAction))
#10 /var/www/html/yii-1.1.16/framework/web/filters/CFilter.php(40): CFilterChain->run()
#11 /var/www/html/yii-1.1.16/framework/web/CController.php(1145): CFilter->filter(Object(CFilterChain))
#12 /var/www/html/yii-1.1.16/framework/web/filters/CInlineFilter.php(58): CController->filterAccessControl(Object(CFilterChain))
#13 /var/www/html/yii-1.1.16/framework/web/filters/CFilterChain.php(130): CInlineFilter->filter(Object(CFilterChain))
#14 /var/www/html/yii-1.1.16/framework/web/CController.php(291): CFilterChain->run()
#15 /var/www/html/yii-1.1.16/framework/web/CController.php(265): CController->runActionWithFilters(Object(CInlineAction), Array)
#16 /var/www/html/yii-1.1.16/framework/web/CWebApplication.php(282): CController->run('adminunit')
#17 /var/www/html/yii-1.1.16/framework/web/CWebApplication.php(141): CWebApplication->runController('RekapIndikator/...')
#18 /var/www/html/yii-1.1.16/framework/base/CApplication.php(184): CWebApplication->processRequest()
#19 /var/www/html/indikatormutursst/index.php(13): CApplication->run()
#20 {main}
REQUEST_URI=/indikatormutursst/index.php?r=RekapIndikator/adminunit
---
2018/10/08 08:32:18 [error] [exception.CDbException] CDbException: Relation "idUnit" is not defined in active record class "Indikator". in /var/www/html/yii-1.1.16/framework/db/ar/CActiveFinder.php:226
Stack trace:
#0 /var/www/html/yii-1.1.16/framework/db/ar/CActiveFinder.php(301): CActiveFinder->buildJoinTree(Object(CJoinElement), 'idUnit', Array)
#1 /var/www/html/yii-1.1.16/framework/db/ar/CActiveFinder.php(48): CActiveFinder->buildJoinTree(Object(CJoinElement), Array)
#2 /var/www/html/yii-1.1.16/framework/db/ar/CActiveRecord.php(912): CActiveFinder->__construct(Object(IndSatker), Array)
#3 /var/www/html/yii-1.1.16/framework/db/ar/CActiveRecord.php(1360): CActiveRecord->getActiveFinder(Array)
#4 /var/www/html/yii-1.1.16/framework/db/ar/CActiveRecord.php(1475): CActiveRecord->query(Object(CDbCriteria), true)
#5 /var/www/html/indikatormutursst/protected/controllers/RekapIndikatorController.php(251): CActiveRecord->findAll(Array)
#6 /var/www/html/yii-1.1.16/framework/web/actions/CInlineAction.php(49): RekapIndikatorController->actionAdminUnit()
#7 /var/www/html/yii-1.1.16/framework/web/CController.php(308): CInlineAction->runWithParams(Array)
#8 /var/www/html/yii-1.1.16/framework/web/filters/CFilterChain.php(133): CController->runAction(Object(CInlineAction))
#9 /var/www/html/yii-1.1.16/framework/web/filters/CFilter.php(40): CFilterChain->run()
#10 /var/www/html/yii-1.1.16/framework/web/CController.php(1145): CFilter->filter(Object(CFilterChain))
#11 /var/www/html/yii-1.1.16/framework/web/filters/CInlineFilter.php(58): CController->filterAccessControl(Object(CFilterChain))
#12 /var/www/html/yii-1.1.16/framework/web/filters/CFilterChain.php(130): CInlineFilter->filter(Object(CFilterChain))
#13 /var/www/html/yii-1.1.16/framework/web/CController.php(291): CFilterChain->run()
#14 /var/www/html/yii-1.1.16/framework/web/CController.php(265): CController->runActionWithFilters(Object(CInlineAction), Array)
#15 /var/www/html/yii-1.1.16/framework/web/CWebApplication.php(282): CController->run('adminunit')
#16 /var/www/html/yii-1.1.16/framework/web/CWebApplication.php(141): CWebApplication->runController('RekapIndikator/...')
#17 /var/www/html/yii-1.1.16/framework/base/CApplication.php(184): CWebApplication->processRequest()
#18 /var/www/html/indikatormutursst/index.php(13): CApplication->run()
#19 {main}
REQUEST_URI=/indikatormutursst/index.php?r=RekapIndikator/adminunit
---
2018/10/08 09:14:53 [error] [exception.Error] Error: Class 'Chtml' not found in /var/www/html/indikatormutursst/protected/views/rekapIndikator/admin_unit.php:121
Stack trace:
#0 /var/www/html/yii-1.1.16/framework/web/CBaseController.php(126): require()
#1 /var/www/html/yii-1.1.16/framework/web/CBaseController.php(95): CBaseController->renderInternal('/var/www/html/i...', Array, true)
#2 /var/www/html/yii-1.1.16/framework/web/CController.php(869): CBaseController->renderFile('/var/www/html/i...', Array, true)
#3 /var/www/html/yii-1.1.16/framework/web/CController.php(782): CController->renderPartial('admin_unit', Array, true)
#4 /var/www/html/indikatormutursst/protected/controllers/RekapIndikatorController.php(282): CController->render('admin_unit', Array)
#5 /var/www/html/yii-1.1.16/framework/web/actions/CInlineAction.php(49): RekapIndikatorController->actionAdminUnit()
#6 /var/www/html/yii-1.1.16/framework/web/CController.php(308): CInlineAction->runWithParams(Array)
#7 /var/www/html/yii-1.1.16/framework/web/filters/CFilterChain.php(133): CController->runAction(Object(CInlineAction))
#8 /var/www/html/yii-1.1.16/framework/web/filters/CFilter.php(40): CFilterChain->run()
#9 /var/www/html/yii-1.1.16/framework/web/CController.php(1145): CFilter->filter(Object(CFilterChain))
#10 /var/www/html/yii-1.1.16/framework/web/filters/CInlineFilter.php(58): CController->filterAccessControl(Object(CFilterChain))
#11 /var/www/html/yii-1.1.16/framework/web/filters/CFilterChain.php(130): CInlineFilter->filter(Object(CFilterChain))
#12 /var/www/html/yii-1.1.16/framework/web/CController.php(291): CFilterChain->run()
#13 /var/www/html/yii-1.1.16/framework/web/CController.php(265): CController->runActionWithFilters(Object(CInlineAction), Array)
#14 /var/www/html/yii-1.1.16/framework/web/CWebApplication.php(282): CController->run('adminunit')
#15 /var/www/html/yii-1.1.16/framework/web/CWebApplication.php(141): CWebApplication->runController('RekapIndikator/...')
#16 /var/www/html/yii-1.1.16/framework/base/CApplication.php(184): CWebApplication->processRequest()
#17 /var/www/html/indikatormutursst/index.php(13): CApplication->run()
#18 {main}
REQUEST_URI=/indikatormutursst/index.php?r=RekapIndikator/adminunit&idsat=7&tgl=08-10-2018
---
2018/10/08 09:15:33 [error] [exception.Error] Error: Class 'Chtml' not found in /var/www/html/indikatormutursst/protected/views/rekapIndikator/admin_unit.php:119
Stack trace:
#0 /var/www/html/yii-1.1.16/framework/web/CBaseController.php(126): require()
#1 /var/www/html/yii-1.1.16/framework/web/CBaseController.php(95): CBaseController->renderInternal('/var/www/html/i...', Array, true)
#2 /var/www/html/yii-1.1.16/framework/web/CController.php(869): CBaseController->renderFile('/var/www/html/i...', Array, true)
#3 /var/www/html/yii-1.1.16/framework/web/CController.php(782): CController->renderPartial('admin_unit', Array, true)
#4 /var/www/html/indikatormutursst/protected/controllers/RekapIndikatorController.php(282): CController->render('admin_unit', Array)
#5 /var/www/html/yii-1.1.16/framework/web/actions/CInlineAction.php(49): RekapIndikatorController->actionAdminUnit()
#6 /var/www/html/yii-1.1.16/framework/web/CController.php(308): CInlineAction->runWithParams(Array)
#7 /var/www/html/yii-1.1.16/framework/web/filters/CFilterChain.php(133): CController->runAction(Object(CInlineAction))
#8 /var/www/html/yii-1.1.16/framework/web/filters/CFilter.php(40): CFilterChain->run()
#9 /var/www/html/yii-1.1.16/framework/web/CController.php(1145): CFilter->filter(Object(CFilterChain))
#10 /var/www/html/yii-1.1.16/framework/web/filters/CInlineFilter.php(58): CController->filterAccessControl(Object(CFilterChain))
#11 /var/www/html/yii-1.1.16/framework/web/filters/CFilterChain.php(130): CInlineFilter->filter(Object(CFilterChain))
#12 /var/www/html/yii-1.1.16/framework/web/CController.php(291): CFilterChain->run()
#13 /var/www/html/yii-1.1.16/framework/web/CController.php(265): CController->runActionWithFilters(Object(CInlineAction), Array)
#14 /var/www/html/yii-1.1.16/framework/web/CWebApplication.php(282): CController->run('adminunit')
#15 /var/www/html/yii-1.1.16/framework/web/CWebApplication.php(141): CWebApplication->runController('RekapIndikator/...')
#16 /var/www/html/yii-1.1.16/framework/base/CApplication.php(184): CWebApplication->processRequest()
#17 /var/www/html/indikatormutursst/index.php(13): CApplication->run()
#18 {main}
REQUEST_URI=/indikatormutursst/index.php?r=RekapIndikator/adminunit&idsat=7&tgl=08-10-2018
---
2018/10/08 09:15:53 [error] [exception.Error] Error: Class 'Chtml' not found in /var/www/html/indikatormutursst/protected/views/rekapIndikator/admin_unit.php:119
Stack trace:
#0 /var/www/html/yii-1.1.16/framework/web/CBaseController.php(126): require()
#1 /var/www/html/yii-1.1.16/framework/web/CBaseController.php(95): CBaseController->renderInternal('/var/www/html/i...', Array, true)
#2 /var/www/html/yii-1.1.16/framework/web/CController.php(869): CBaseController->renderFile('/var/www/html/i...', Array, true)
#3 /var/www/html/yii-1.1.16/framework/web/CController.php(782): CController->renderPartial('admin_unit', Array, true)
#4 /var/www/html/indikatormutursst/protected/controllers/RekapIndikatorController.php(282): CController->render('admin_unit', Array)
#5 /var/www/html/yii-1.1.16/framework/web/actions/CInlineAction.php(49): RekapIndikatorController->actionAdminUnit()
#6 /var/www/html/yii-1.1.16/framework/web/CController.php(308): CInlineAction->runWithParams(Array)
#7 /var/www/html/yii-1.1.16/framework/web/filters/CFilterChain.php(133): CController->runAction(Object(CInlineAction))
#8 /var/www/html/yii-1.1.16/framework/web/filters/CFilter.php(40): CFilterChain->run()
#9 /var/www/html/yii-1.1.16/framework/web/CController.php(1145): CFilter->filter(Object(CFilterChain))
#10 /var/www/html/yii-1.1.16/framework/web/filters/CInlineFilter.php(58): CController->filterAccessControl(Object(CFilterChain))
#11 /var/www/html/yii-1.1.16/framework/web/filters/CFilterChain.php(130): CInlineFilter->filter(Object(CFilterChain))
#12 /var/www/html/yii-1.1.16/framework/web/CController.php(291): CFilterChain->run()
#13 /var/www/html/yii-1.1.16/framework/web/CController.php(265): CController->runActionWithFilters(Object(CInlineAction), Array)
#14 /var/www/html/yii-1.1.16/framework/web/CWebApplication.php(282): CController->run('adminunit')
#15 /var/www/html/yii-1.1.16/framework/web/CWebApplication.php(141): CWebApplication->runController('RekapIndikator/...')
#16 /var/www/html/yii-1.1.16/framework/base/CApplication.php(184): CWebApplication->processRequest()
#17 /var/www/html/indikatormutursst/index.php(13): CApplication->run()
#18 {main}
REQUEST_URI=/indikatormutursst/index.php?r=RekapIndikator/adminunit&idsat=7&tgl=08-10-2018
---
2018/10/08 09:15:54 [error] [exception.Error] Error: Class 'Chtml' not found in /var/www/html/indikatormutursst/protected/views/rekapIndikator/admin_unit.php:119
Stack trace:
#0 /var/www/html/yii-1.1.16/framework/web/CBaseController.php(126): require()
#1 /var/www/html/yii-1.1.16/framework/web/CBaseController.php(95): CBaseController->renderInternal('/var/www/html/i...', Array, true)
#2 /var/www/html/yii-1.1.16/framework/web/CController.php(869): CBaseController->renderFile('/var/www/html/i...', Array, true)
#3 /var/www/html/yii-1.1.16/framework/web/CController.php(782): CController->renderPartial('admin_unit', Array, true)
#4 /var/www/html/indikatormutursst/protected/controllers/RekapIndikatorController.php(282): CController->render('admin_unit', Array)
#5 /var/www/html/yii-1.1.16/framework/web/actions/CInlineAction.php(49): RekapIndikatorController->actionAdminUnit()
#6 /var/www/html/yii-1.1.16/framework/web/CController.php(308): CInlineAction->runWithParams(Array)
#7 /var/www/html/yii-1.1.16/framework/web/filters/CFilterChain.php(133): CController->runAction(Object(CInlineAction))
#8 /var/www/html/yii-1.1.16/framework/web/filters/CFilter.php(40): CFilterChain->run()
#9 /var/www/html/yii-1.1.16/framework/web/CController.php(1145): CFilter->filter(Object(CFilterChain))
#10 /var/www/html/yii-1.1.16/framework/web/filters/CInlineFilter.php(58): CController->filterAccessControl(Object(CFilterChain))
#11 /var/www/html/yii-1.1.16/framework/web/filters/CFilterChain.php(130): CInlineFilter->filter(Object(CFilterChain))
#12 /var/www/html/yii-1.1.16/framework/web/CController.php(291): CFilterChain->run()
#13 /var/www/html/yii-1.1.16/framework/web/CController.php(265): CController->runActionWithFilters(Object(CInlineAction), Array)
#14 /var/www/html/yii-1.1.16/framework/web/CWebApplication.php(282): CController->run('adminunit')
#15 /var/www/html/yii-1.1.16/framework/web/CWebApplication.php(141): CWebApplication->runController('RekapIndikator/...')
#16 /var/www/html/yii-1.1.16/framework/base/CApplication.php(184): CWebApplication->processRequest()
#17 /var/www/html/indikatormutursst/index.php(13): CApplication->run()
#18 {main}
REQUEST_URI=/indikatormutursst/index.php?r=RekapIndikator/adminunit&idsat=7&tgl=08-10-2018
---
2018/10/08 09:15:55 [error] [exception.Error] Error: Class 'Chtml' not found in /var/www/html/indikatormutursst/protected/views/rekapIndikator/admin_unit.php:119
Stack trace:
#0 /var/www/html/yii-1.1.16/framework/web/CBaseController.php(126): require()
#1 /var/www/html/yii-1.1.16/framework/web/CBaseController.php(95): CBaseController->renderInternal('/var/www/html/i...', Array, true)
#2 /var/www/html/yii-1.1.16/framework/web/CController.php(869): CBaseController->renderFile('/var/www/html/i...', Array, true)
#3 /var/www/html/yii-1.1.16/framework/web/CController.php(782): CController->renderPartial('admin_unit', Array, true)
#4 /var/www/html/indikatormutursst/protected/controllers/RekapIndikatorController.php(282): CController->render('admin_unit', Array)
#5 /var/www/html/yii-1.1.16/framework/web/actions/CInlineAction.php(49): RekapIndikatorController->actionAdminUnit()
#6 /var/www/html/yii-1.1.16/framework/web/CController.php(308): CInlineAction->runWithParams(Array)
#7 /var/www/html/yii-1.1.16/framework/web/filters/CFilterChain.php(133): CController->runAction(Object(CInlineAction))
#8 /var/www/html/yii-1.1.16/framework/web/filters/CFilter.php(40): CFilterChain->run()
#9 /var/www/html/yii-1.1.16/framework/web/CController.php(1145): CFilter->filter(Object(CFilterChain))
#10 /var/www/html/yii-1.1.16/framework/web/filters/CInlineFilter.php(58): CController->filterAccessControl(Object(CFilterChain))
#11 /var/www/html/yii-1.1.16/framework/web/filters/CFilterChain.php(130): CInlineFilter->filter(Object(CFilterChain))
#12 /var/www/html/yii-1.1.16/framework/web/CController.php(291): CFilterChain->run()
#13 /var/www/html/yii-1.1.16/framework/web/CController.php(265): CController->runActionWithFilters(Object(CInlineAction), Array)
#14 /var/www/html/yii-1.1.16/framework/web/CWebApplication.php(282): CController->run('adminunit')
#15 /var/www/html/yii-1.1.16/framework/web/CWebApplication.php(141): CWebApplication->runController('RekapIndikator/...')
#16 /var/www/html/yii-1.1.16/framework/base/CApplication.php(184): CWebApplication->processRequest()
#17 /var/www/html/indikatormutursst/index.php(13): CApplication->run()
#18 {main}
REQUEST_URI=/indikatormutursst/index.php?r=RekapIndikator/adminunit&idsat=7&tgl=08-10-2018
---
2018/10/08 09:16:58 [error] [exception.ParseError] ParseError: syntax error, unexpected '<' in /var/www/html/indikatormutursst/protected/views/rekapIndikator/admin_unit.php:126
Stack trace:
#0 /var/www/html/yii-1.1.16/framework/web/CBaseController.php(95): CBaseController->renderInternal('/var/www/html/i...', Array, true)
#1 /var/www/html/yii-1.1.16/framework/web/CController.php(869): CBaseController->renderFile('/var/www/html/i...', Array, true)
#2 /var/www/html/yii-1.1.16/framework/web/CController.php(782): CController->renderPartial('admin_unit', Array, true)
#3 /var/www/html/indikatormutursst/protected/controllers/RekapIndikatorController.php(282): CController->render('admin_unit', Array)
#4 /var/www/html/yii-1.1.16/framework/web/actions/CInlineAction.php(49): RekapIndikatorController->actionAdminUnit()
#5 /var/www/html/yii-1.1.16/framework/web/CController.php(308): CInlineAction->runWithParams(Array)
#6 /var/www/html/yii-1.1.16/framework/web/filters/CFilterChain.php(133): CController->runAction(Object(CInlineAction))
#7 /var/www/html/yii-1.1.16/framework/web/filters/CFilter.php(40): CFilterChain->run()
#8 /var/www/html/yii-1.1.16/framework/web/CController.php(1145): CFilter->filter(Object(CFilterChain))
#9 /var/www/html/yii-1.1.16/framework/web/filters/CInlineFilter.php(58): CController->filterAccessControl(Object(CFilterChain))
#10 /var/www/html/yii-1.1.16/framework/web/filters/CFilterChain.php(130): CInlineFilter->filter(Object(CFilterChain))
#11 /var/www/html/yii-1.1.16/framework/web/CController.php(291): CFilterChain->run()
#12 /var/www/html/yii-1.1.16/framework/web/CController.php(265): CController->runActionWithFilters(Object(CInlineAction), Array)
#13 /var/www/html/yii-1.1.16/framework/web/CWebApplication.php(282): CController->run('adminunit')
#14 /var/www/html/yii-1.1.16/framework/web/CWebApplication.php(141): CWebApplication->runController('RekapIndikator/...')
#15 /var/www/html/yii-1.1.16/framework/base/CApplication.php(184): CWebApplication->processRequest()
#16 /var/www/html/indikatormutursst/index.php(13): CApplication->run()
#17 {main}
REQUEST_URI=/indikatormutursst/index.php?r=RekapIndikator/adminunit&idsat=7&tgl=08-10-2018
---
